Loading plugins phase: Elapsed time ==> 0s.344ms
Initializing data phase: Elapsed time ==> 0s.000ms
<CYPRESSTAG name="CyDsfit arguments...">
cydsfit arguments: -.fdsnotice -.fdswarpdepfile=warp_dependencies.txt -.fdselabdepfile=elab_dependencies.txt -.fdsbldfile=generated_files.txt -p Z:\PSoC\Bootloadable Blinking LED.cydsn\Bootloadable Blinking LED.cyprj -d CY8C4245AXI-483 -s Z:\PSoC\Bootloadable Blinking LED.cydsn\Generated_Source\PSoC4 -- -yv2 -q10 -ygs -o2 -v3 -.fftcfgtype=LE</CYPRESSTAG>
<CYPRESSTAG name="Design elaboration results...">
</CYPRESSTAG>
Elaboration phase: Elapsed time ==> 2s.260ms
<CYPRESSTAG name="HDL generation results...">
</CYPRESSTAG>
HDL generation phase: Elapsed time ==> 0s.036ms
<CYPRESSTAG name="Synthesis results...">

     | | | | | | |
   _________________
  -|               |-
  -|               |-
  -|               |-
  -|    CYPRESS    |-
  -|               |-
  -|               |-   Warp Verilog Synthesis Compiler: Version 6.3 IR 41
  -|               |-   Copyright (C) 1991-2001 Cypress Semiconductor
   |_______________|
     | | | | | | |

======================================================================
Compiling:  Bootloadable Blinking LED.v
Program  :   C:\Program Files (x86)\Cypress\PSoC Creator\3.2\PSoC Creator\warp\bin/warp.exe
Options  :    -yv2 -q10 -ygs -o2 -v3 -.fftcfgtype=LE -ya -.fftprj=Z:\PSoC\Bootloadable Blinking LED.cydsn\Bootloadable Blinking LED.cyprj -dcpsoc3 Bootloadable Blinking LED.v -verilog
======================================================================

======================================================================
Compiling:  Bootloadable Blinking LED.v
Program  :   C:\Program Files (x86)\Cypress\PSoC Creator\3.2\PSoC Creator\warp\bin/warp.exe
Options  :    -yv2 -q10 -ygs -o2 -v3 -.fftcfgtype=LE -ya -.fftprj=Z:\PSoC\Bootloadable Blinking LED.cydsn\Bootloadable Blinking LED.cyprj -dcpsoc3 Bootloadable Blinking LED.v -verilog
======================================================================

======================================================================
Compiling:  Bootloadable Blinking LED.v
Program  :   vlogfe
Options  :    -yv2 -q10 -ygs -o2 -v3 -.fftcfgtype=LE -ya -.fftprj=Z:\PSoC\Bootloadable Blinking LED.cydsn\Bootloadable Blinking LED.cyprj -dcpsoc3 -verilog Bootloadable Blinking LED.v
======================================================================

vlogfe V6.3 IR 41:  Verilog parser
Wed Sep 09 07:50:44 2015


======================================================================
Compiling:  Bootloadable Blinking LED.v
Program  :   vpp
Options  :    -yv2 -q10 Bootloadable Blinking LED.v
======================================================================

vpp V6.3 IR 41:  Verilog Pre-Processor
Wed Sep 09 07:50:44 2015

Flattening file 'C:\Program Files (x86)\Cypress\PSoC Creator\3.2\PSoC Creator\warp\..\psoc\content\cyprimitives\CyPrimitives.cylib\cy_virtualmux_v1_0\cy_virtualmux_v1_0.v'
Flattening file 'C:\Program Files (x86)\Cypress\PSoC Creator\3.2\PSoC Creator\warp\..\psoc\content\cycomponentlibrary\CyComponentLibrary.cylib\B_UART_v2_50\B_UART_v2_50.v'
Flattening file 'C:\Program Files (x86)\Cypress\PSoC Creator\3.2\PSoC Creator\warp\lib\common\cypress.v'
Flattening file 'C:\Program Files (x86)\Cypress\PSoC Creator\3.2\PSoC Creator\warp\lib\common\cy_psoc3_inc.v'

vpp:  No errors.

Library 'work' => directory 'lcpsoc3'
General_symbol_table
General_symbol_table
Linking 'C:\Program Files (x86)\Cypress\PSoC Creator\3.2\PSoC Creator\warp\lib\common\std.vhd'.
Linking 'C:\Program Files (x86)\Cypress\PSoC Creator\3.2\PSoC Creator\warp\lib\common\cypress.vhd'.
Linking 'C:\Program Files (x86)\Cypress\PSoC Creator\3.2\PSoC Creator\warp\lib\common\work\cypress.vif'.
Linking 'C:\Program Files (x86)\Cypress\PSoC Creator\3.2\PSoC Creator\warp\lib\ieee\work\stdlogic.vif'.
Linking 'C:\Program Files (x86)\Cypress\PSoC Creator\3.2\PSoC Creator\warp\lib\common\stdlogic\lpmpkg.vif'.
Linking 'C:\Program Files (x86)\Cypress\PSoC Creator\3.2\PSoC Creator\warp\lib\common\stdlogic\rtlpkg.vif'.
Linking 'C:\Program Files (x86)\Cypress\PSoC Creator\3.2\PSoC Creator\warp\lib\common\stdlogic\mod_cnst.vif'.
Linking 'C:\Program Files (x86)\Cypress\PSoC Creator\3.2\PSoC Creator\warp\lib\common\stdlogic\mod_mthv.vif'.
Linking 'C:\Program Files (x86)\Cypress\PSoC Creator\3.2\PSoC Creator\warp\lib\common\stdlogic\mod_genv.vif'.
Using control file 'Bootloadable Blinking LED.ctl'.
C:\Program Files (x86)\Cypress\PSoC Creator\3.2\PSoC Creator\warp\..\psoc\content\cycomponentlibrary\CyComponentLibrary.cylib\B_UART_v2_50\B_UART_v2_50.v (line 1113, col 55):  Note: Substituting module 'add_vv_vv' for '+'.
C:\Program Files (x86)\Cypress\PSoC Creator\3.2\PSoC Creator\warp\..\psoc\content\cycomponentlibrary\CyComponentLibrary.cylib\B_UART_v2_50\B_UART_v2_50.v (line 1122, col 48):  Note: Substituting module 'cmp_vv_vv' for '<'.
C:\Program Files (x86)\Cypress\PSoC Creator\3.2\PSoC Creator\warp\..\psoc\content\cycomponentlibrary\CyComponentLibrary.cylib\B_UART_v2_50\B_UART_v2_50.v (line 1122, col 77):  Note: Substituting module 'cmp_vv_vv' for '<'.
C:\Program Files (x86)\Cypress\PSoC Creator\3.2\PSoC Creator\warp\..\psoc\content\cycomponentlibrary\CyComponentLibrary.cylib\B_UART_v2_50\B_UART_v2_50.v (line 1389, col 59):  Note: Substituting module 'cmp_vv_vv' for '<'.
C:\Program Files (x86)\Cypress\PSoC Creator\3.2\PSoC Creator\warp\..\psoc\content\cycomponentlibrary\CyComponentLibrary.cylib\B_UART_v2_50\B_UART_v2_50.v (line 1424, col 61):  Note: Substituting module 'cmp_vv_vv' for '/='.
C:\Program Files (x86)\Cypress\PSoC Creator\3.2\PSoC Creator\warp\..\psoc\content\cycomponentlibrary\CyComponentLibrary.cylib\B_UART_v2_50\B_UART_v2_50.v (line 1547, col 106):  Note: Substituting module 'cmp_vv_vv' for '<'.
C:\Program Files (x86)\Cypress\PSoC Creator\3.2\PSoC Creator\warp\..\psoc\content\cycomponentlibrary\CyComponentLibrary.cylib\B_UART_v2_50\B_UART_v2_50.v (line 1603, col 68):  Note: Substituting module 'cmp_vv_vv' for '<'.
C:\Program Files (x86)\Cypress\PSoC Creator\3.2\PSoC Creator\warp\..\psoc\content\cycomponentlibrary\CyComponentLibrary.cylib\B_UART_v2_50\B_UART_v2_50.v (line 1604, col 68):  Note: Substituting module 'cmp_vv_vv' for '<'.
Linking 'C:\Program Files (x86)\Cypress\PSoC Creator\3.2\PSoC Creator\warp\lib\common\stdlogic\cy_psoc3pkg.vif'.
Linking 'C:\Program Files (x86)\Cypress\PSoC Creator\3.2\PSoC Creator\warp\lib\common\stdlogic\cy_psoc3.vif'.

vlogfe:  No errors.


======================================================================
Compiling:  Bootloadable Blinking LED.v
Program  :   tovif
Options  :    -yv2 -q10 -ygs -o2 -v3 -.fftcfgtype=LE -ya -.fftprj=Z:\PSoC\Bootloadable Blinking LED.cydsn\Bootloadable Blinking LED.cyprj -dcpsoc3 -verilog Bootloadable Blinking LED.v
======================================================================

tovif V6.3 IR 41:  High-level synthesis
Wed Sep 09 07:50:44 2015

Linking 'C:\Program Files (x86)\Cypress\PSoC Creator\3.2\PSoC Creator\warp\lib\common\std.vhd'.
Linking 'C:\Program Files (x86)\Cypress\PSoC Creator\3.2\PSoC Creator\warp\lib\common\cypress.vhd'.
Linking 'C:\Program Files (x86)\Cypress\PSoC Creator\3.2\PSoC Creator\warp\lib\common\work\cypress.vif'.
Linking 'C:\Program Files (x86)\Cypress\PSoC Creator\3.2\PSoC Creator\warp\lib\ieee\work\stdlogic.vif'.
Linking 'C:\Program Files (x86)\Cypress\PSoC Creator\3.2\PSoC Creator\warp\lib\common\stdlogic\lpmpkg.vif'.
Linking 'C:\Program Files (x86)\Cypress\PSoC Creator\3.2\PSoC Creator\warp\lib\common\stdlogic\rtlpkg.vif'.
Linking 'C:\Program Files (x86)\Cypress\PSoC Creator\3.2\PSoC Creator\warp\lib\common\stdlogic\mod_cnst.vif'.
Linking 'C:\Program Files (x86)\Cypress\PSoC Creator\3.2\PSoC Creator\warp\lib\common\stdlogic\mod_mthv.vif'.
Linking 'C:\Program Files (x86)\Cypress\PSoC Creator\3.2\PSoC Creator\warp\lib\common\stdlogic\mod_genv.vif'.
Linking 'Z:\PSoC\Bootloadable Blinking LED.cydsn\codegentemp\Bootloadable Blinking LED.ctl'.
Linking 'C:\Program Files (x86)\Cypress\PSoC Creator\3.2\PSoC Creator\psoc\content\cyprimitives\CyPrimitives.cylib\cy_virtualmux_v1_0\cy_virtualmux_v1_0.v'.
Linking 'Z:\PSoC\Bootloadable Blinking LED.cydsn\codegentemp\Bootloadable Blinking LED.v'.
Linking 'C:\Program Files (x86)\Cypress\PSoC Creator\3.2\PSoC Creator\psoc\content\cycomponentlibrary\CyComponentLibrary.cylib\B_UART_v2_50\B_UART_v2_50.v'.
Linking 'C:\Program Files (x86)\Cypress\PSoC Creator\3.2\PSoC Creator\warp\lib\common\cypress.v'.
Linking 'C:\Program Files (x86)\Cypress\PSoC Creator\3.2\PSoC Creator\warp\lib\common\cy_psoc3_inc.v'.
Linking 'C:\Program Files (x86)\Cypress\PSoC Creator\3.2\PSoC Creator\warp\lib\common\stdlogic\cy_psoc3pkg.vif'.
Linking 'C:\Program Files (x86)\Cypress\PSoC Creator\3.2\PSoC Creator\warp\lib\common\stdlogic\cy_psoc3.vif'.

tovif:  No errors.


======================================================================
Compiling:  Bootloadable Blinking LED.v
Program  :   topld
Options  :    -yv2 -q10 -ygs -o2 -v3 -.fftcfgtype=LE -ya -.fftprj=Z:\PSoC\Bootloadable Blinking LED.cydsn\Bootloadable Blinking LED.cyprj -dcpsoc3 -verilog Bootloadable Blinking LED.v
======================================================================

topld V6.3 IR 41:  Synthesis and optimization
Wed Sep 09 07:50:44 2015

Linking 'C:\Program Files (x86)\Cypress\PSoC Creator\3.2\PSoC Creator\warp\lib\common\std.vhd'.
Linking 'C:\Program Files (x86)\Cypress\PSoC Creator\3.2\PSoC Creator\warp\lib\common\cypress.vhd'.
Linking 'C:\Program Files (x86)\Cypress\PSoC Creator\3.2\PSoC Creator\warp\lib\common\work\cypress.vif'.
Linking 'C:\Program Files (x86)\Cypress\PSoC Creator\3.2\PSoC Creator\warp\lib\ieee\work\stdlogic.vif'.
Linking 'C:\Program Files (x86)\Cypress\PSoC Creator\3.2\PSoC Creator\warp\lib\common\stdlogic\lpmpkg.vif'.
Linking 'C:\Program Files (x86)\Cypress\PSoC Creator\3.2\PSoC Creator\warp\lib\common\stdlogic\rtlpkg.vif'.
Linking 'C:\Program Files (x86)\Cypress\PSoC Creator\3.2\PSoC Creator\warp\lib\common\stdlogic\mod_cnst.vif'.
Linking 'C:\Program Files (x86)\Cypress\PSoC Creator\3.2\PSoC Creator\warp\lib\common\stdlogic\mod_mthv.vif'.
Linking 'C:\Program Files (x86)\Cypress\PSoC Creator\3.2\PSoC Creator\warp\lib\common\stdlogic\mod_genv.vif'.
Linking 'Z:\PSoC\Bootloadable Blinking LED.cydsn\codegentemp\Bootloadable Blinking LED.ctl'.
Linking 'C:\Program Files (x86)\Cypress\PSoC Creator\3.2\PSoC Creator\psoc\content\cyprimitives\CyPrimitives.cylib\cy_virtualmux_v1_0\cy_virtualmux_v1_0.v'.
Linking 'Z:\PSoC\Bootloadable Blinking LED.cydsn\codegentemp\Bootloadable Blinking LED.v'.
Linking 'C:\Program Files (x86)\Cypress\PSoC Creator\3.2\PSoC Creator\psoc\content\cycomponentlibrary\CyComponentLibrary.cylib\B_UART_v2_50\B_UART_v2_50.v'.
Linking 'C:\Program Files (x86)\Cypress\PSoC Creator\3.2\PSoC Creator\warp\lib\common\cypress.v'.
Linking 'C:\Program Files (x86)\Cypress\PSoC Creator\3.2\PSoC Creator\warp\lib\common\cy_psoc3_inc.v'.
Linking 'C:\Program Files (x86)\Cypress\PSoC Creator\3.2\PSoC Creator\warp\lib\common\stdlogic\cy_psoc3pkg.vif'.
Linking 'C:\Program Files (x86)\Cypress\PSoC Creator\3.2\PSoC Creator\warp\lib\common\stdlogic\cy_psoc3.vif'.
Linking 'C:\Program Files (x86)\Cypress\PSoC Creator\3.2\PSoC Creator\warp\lib\lcpsoc3\stdlogic\cpsoc3.vif'.

----------------------------------------------------------
Detecting unused logic.
----------------------------------------------------------
    User names
	\UART:BUART:HalfDuplexSend\
	\UART:BUART:FinalAddrMode_2\
	\UART:BUART:FinalAddrMode_1\
	\UART:BUART:FinalAddrMode_0\
	\UART:BUART:reset_sr\
	Net_1162
	Net_1163


Deleted 7 User equations/components.
Deleted 0 Synthesized equations/components.

------------------------------------------------------
Alias Detection
------------------------------------------------------
Aliasing \UART:BUART:FinalParityType_1\ to \UART:BUART:tx_hd_send_break\
Aliasing \UART:BUART:FinalParityType_0\ to \UART:BUART:tx_hd_send_break\
Aliasing \UART:BUART:tx_ctrl_mark\ to \UART:BUART:tx_hd_send_break\
Aliasing zero to \UART:BUART:tx_hd_send_break\
Aliasing \UART:BUART:tx_status_6\ to \UART:BUART:tx_hd_send_break\
Aliasing \UART:BUART:tx_status_5\ to \UART:BUART:tx_hd_send_break\
Aliasing \UART:BUART:tx_status_4\ to \UART:BUART:tx_hd_send_break\
Aliasing tmpOE__Tx_1_net_0 to one
Aliasing \UART:BUART:reset_reg\\D\ to \UART:BUART:tx_hd_send_break\
Removing Lhs of wire \UART:Net_61\[2] = \UART:Net_9\[1]
Removing Lhs of wire \UART:BUART:FinalParityType_1\[9] = \UART:BUART:tx_hd_send_break\[7]
Removing Lhs of wire \UART:BUART:FinalParityType_0\[10] = \UART:BUART:tx_hd_send_break\[7]
Removing Lhs of wire \UART:BUART:tx_ctrl_mark\[14] = \UART:BUART:tx_hd_send_break\[7]
Removing Rhs of wire \UART:BUART:tx_bitclk_enable_pre\[25] = \UART:BUART:tx_bitclk_dp\[62]
Removing Rhs of wire zero[26] = \UART:BUART:tx_hd_send_break\[7]
Removing Lhs of wire \UART:BUART:tx_counter_tc\[72] = \UART:BUART:tx_counter_dp\[63]
Removing Lhs of wire \UART:BUART:tx_status_6\[73] = zero[26]
Removing Lhs of wire \UART:BUART:tx_status_5\[74] = zero[26]
Removing Lhs of wire \UART:BUART:tx_status_4\[75] = zero[26]
Removing Lhs of wire \UART:BUART:tx_status_1\[77] = \UART:BUART:tx_fifo_empty\[40]
Removing Lhs of wire \UART:BUART:tx_status_3\[79] = \UART:BUART:tx_fifo_notfull\[39]
Removing Lhs of wire tmpOE__Tx_1_net_0[87] = one[4]
Removing Lhs of wire \UART:BUART:reset_reg\\D\[92] = zero[26]

------------------------------------------------------
Aliased 0 equations, 14 wires.
------------------------------------------------------

----------------------------------------------------------
Circuit simplification
----------------------------------------------------------

Substituting virtuals - pass 1:

Note:  Expanding virtual equation for 'zero' (cost = 0):
zero <=  ('0') ;


Substituting virtuals - pass 2:


----------------------------------------------------------
Circuit simplification results:

	Expanded 1 signals.
	Turned 0 signals into soft nodes.
	Maximum default expansion cost was set at 3.
----------------------------------------------------------

------------------------------------------------------
Alias Detection
------------------------------------------------------
Removing Lhs of wire \UART:BUART:tx_ctrl_mark_last\\D\[99] = \UART:BUART:tx_ctrl_mark_last\[83]

------------------------------------------------------
Aliased 0 equations, 1 wires.
------------------------------------------------------

----------------------------------------------------------
Circuit simplification
----------------------------------------------------------

Eliminating unused logic - pass 1:


Eliminating unused logic - pass 2:


Substituting virtuals - pass 1:


----------------------------------------------------------
Circuit simplification results:

	Expanded 0 signals.
	Turned 0 signals into soft nodes.
	Maximum default expansion cost was set at 3.
----------------------------------------------------------

topld:  No errors.

CYPRESS_DIR    : C:\Program Files (x86)\Cypress\PSoC Creator\3.2\PSoC Creator\warp
Warp Program   : C:\Program Files (x86)\Cypress\PSoC Creator\3.2\PSoC Creator\warp\bin/warp.exe
Warp Arguments : -yv2 -q10 -ygs -o2 -v3 -.fftcfgtype=LE -ya "-.fftprj=Z:\PSoC\Bootloadable Blinking LED.cydsn\Bootloadable Blinking LED.cyprj" -dcpsoc3 "Bootloadable Blinking LED.v" -verilog
</CYPRESSTAG>
Warp synthesis phase: Elapsed time ==> 0s.526ms
<CYPRESSTAG name="Fitter results...">
<CYPRESSTAG name="Fitter startup details...">
cyp3fit: V3.2.0.6175, Family: PSoC3, Started at: Wednesday, 09 September 2015 07:50:44
Options: -yv2 -q10 -ygs -o2 -v3 -.fftcfgtype=LE -ya -.fftprj=Z:\PSoC\Bootloadable Blinking LED.cydsn\Bootloadable Blinking LED.cyprj -d CY8C4245AXI-483 Bootloadable Blinking LED.v -verilog
</CYPRESSTAG>
<CYPRESSTAG name="Design parsing">
Design parsing phase: Elapsed time ==> 0s.014ms
</CYPRESSTAG>
<CYPRESSTAG name="Tech mapping">
<CYPRESSTAG name="Initial Mapping" icon="FILE_RPT_TECHM">
    Converted constant MacroCell: \UART:BUART:reset_reg\ from registered to combinatorial

Removing unused cells resulting from optimization
Done removing unused cells.
<CYPRESSTAG name="Global Clock Selection" icon="FILE_RPT_TECHM">
    Digital Clock 0: Automatic-assigning  clock 'UART_IntClock'. Fanout=1, Signal=\UART:Net_9_digital\
<CYPRESSTAG name="UDB Clock/Enable Remapping Results">
    UDB Clk/Enable \UART:BUART:ClkSync\: with output requested to be synchronous
        ClockIn: ClockGenBlock:m0s8clockgenblockcell.gen_clk_out_0 was determined to be a global clock that is synchronous to HFCLK
        EnableIn: Constant 1 was determined to be synchronous to ClockIn
        ClockOut: ClockGenBlock:m0s8clockgenblockcell.gen_clk_out_0, EnableOut: Constant 1
</CYPRESSTAG>
</CYPRESSTAG>

Removing unused cells resulting from optimization
Done removing unused cells.
<CYPRESSTAG name="Duplicate Macrocell detection">
</CYPRESSTAG>
</CYPRESSTAG>
<CYPRESSTAG name="Duplicate Macrocell detection">

Removing duplicate macrocells
    Removing \UART:BUART:tx_parity_bit\, Duplicate of \UART:BUART:tx_ctrl_mark_last\ 
    MacroCell: Name=\UART:BUART:tx_parity_bit\, Mode=(T-Register)
        Total # of inputs        : 0
        Total # of product terms : 0
        List of special equations: 
            Clock  = (\UART:Net_9_digital\) => Global
            Clock Enable: True
        Main Equation            : 0 pterms
        (
            0
        );
        Output = \UART:BUART:tx_parity_bit\ (fanout=0)

    Removing \UART:BUART:tx_mark\, Duplicate of \UART:BUART:tx_ctrl_mark_last\ 
    MacroCell: Name=\UART:BUART:tx_mark\, Mode=(T-Register)
        Total # of inputs        : 0
        Total # of product terms : 0
        List of special equations: 
            Clock  = (\UART:Net_9_digital\) => Global
            Clock Enable: True
        Main Equation            : 0 pterms
        (
            0
        );
        Output = \UART:BUART:tx_mark\ (fanout=0)


Removing unused cells resulting from optimization
Done removing unused cells.
End removing duplicate macrocells: used 1 pass
</CYPRESSTAG>
<CYPRESSTAG name="Design Equations" icon="FILE_RPT_EQUATION">

------------------------------------------------------------
Design Equations
------------------------------------------------------------
    <CYPRESSTAG name="Pin listing">

    ------------------------------------------------------------
    Pin listing
    ------------------------------------------------------------

    Pin : Name = Tx_1(0)
        Attributes:
            In Group/Port: True
            In Sync Option: AUTO
            Out Sync Option: NOSYNC
            Interrupt generated: False
            Interrupt mode: NONE
            Drive mode: CMOS_OUT
            VTrip: EITHER
            Slew: FAST
            Input Sync needed: False
            Output Sync needed: False
            SC shield enabled: False
            POR State: ANY
            LCD Mode: COMMON
            Register Mode: RegComb
            CaSense Mode: NEITHER
            Treat as pin: True
            Is OE Registered: False
            Uses Analog: False
            Can contain Digital: True
            Is SIO: False
            SIO Output Buf: NONREGULATED
            SIO Input Buf: SINGLE_ENDED
            SIO HiFreq: LOW
            SIO Hyst: DISABLED
            SIO Vtrip: MULTIPLIER_0_5
            SIO RefSel: VCC_IO
            Required Capabilitites: DIGITAL, ROUTABLE
            Initial Value: 1
            IO Voltage: 0
        PORT MAP (
            pa_out => Tx_1(0)__PA ,
            input => Net_1120 ,
            pad => Tx_1(0)_PAD );
        Properties:
        {
        }
    </CYPRESSTAG>
    <CYPRESSTAG name="Macrocell listing" icon="FILE_RPT_EQUATION">

    ------------------------------------------------------------
    Macrocell listing
    ------------------------------------------------------------

    MacroCell: Name=Net_1120, Mode=(Combinatorial)
        Total # of inputs        : 1
        Total # of product terms : 1
            Clock Enable: True
        Main Equation            : 1 pterm
        (
              !\UART:BUART:txn\
        );
        Output = Net_1120 (fanout=1)

    MacroCell: Name=\UART:BUART:counter_load_not\, Mode=(Combinatorial)
        Total # of inputs        : 4
        Total # of product terms : 2
            Clock Enable: True
        Main Equation            : 2 pterms
        !(
              !\UART:BUART:tx_state_1\ * !\UART:BUART:tx_state_0\ * 
              \UART:BUART:tx_bitclk_enable_pre\
            + !\UART:BUART:tx_state_1\ * !\UART:BUART:tx_state_0\ * 
              !\UART:BUART:tx_state_2\
        );
        Output = \UART:BUART:counter_load_not\ (fanout=1)

    MacroCell: Name=\UART:BUART:tx_bitclk\, Mode=(D-Register)
        Total # of inputs        : 4
        Total # of product terms : 2
        List of special equations: 
            Clock  = (\UART:Net_9_digital\) => Global
            Clock Enable: True
        Main Equation            : 2 pterms
        !(
              !\UART:BUART:tx_state_1\ * !\UART:BUART:tx_state_0\ * 
              \UART:BUART:tx_state_2\
            + !\UART:BUART:tx_bitclk_enable_pre\
        );
        Output = \UART:BUART:tx_bitclk\ (fanout=4)

    MacroCell: Name=\UART:BUART:tx_state_0\, Mode=(T-Register)
        Total # of inputs        : 6
        Total # of product terms : 4
        List of special equations: 
            Clock  = (\UART:Net_9_digital\) => Global
            Clock Enable: True
        Main Equation            : 4 pterms
        (
              !\UART:BUART:tx_state_1\ * !\UART:BUART:tx_state_0\ * 
              \UART:BUART:tx_bitclk_enable_pre\ * !\UART:BUART:tx_fifo_empty\
            + !\UART:BUART:tx_state_1\ * !\UART:BUART:tx_state_0\ * 
              !\UART:BUART:tx_fifo_empty\ * !\UART:BUART:tx_state_2\
            + \UART:BUART:tx_state_1\ * \UART:BUART:tx_state_0\ * 
              \UART:BUART:tx_bitclk_enable_pre\ * \UART:BUART:tx_fifo_empty\ * 
              \UART:BUART:tx_state_2\
            + \UART:BUART:tx_state_0\ * !\UART:BUART:tx_state_2\ * 
              \UART:BUART:tx_bitclk\
        );
        Output = \UART:BUART:tx_state_0\ (fanout=8)

    MacroCell: Name=\UART:BUART:tx_state_1\, Mode=(T-Register)
        Total # of inputs        : 6
        Total # of product terms : 3
        List of special equations: 
            Clock  = (\UART:Net_9_digital\) => Global
            Clock Enable: True
        Main Equation            : 3 pterms
        (
              \UART:BUART:tx_state_1\ * \UART:BUART:tx_state_0\ * 
              \UART:BUART:tx_bitclk_enable_pre\ * \UART:BUART:tx_state_2\
            + \UART:BUART:tx_state_1\ * !\UART:BUART:tx_state_2\ * 
              \UART:BUART:tx_counter_dp\ * \UART:BUART:tx_bitclk\
            + \UART:BUART:tx_state_0\ * !\UART:BUART:tx_state_2\ * 
              \UART:BUART:tx_bitclk\
        );
        Output = \UART:BUART:tx_state_1\ (fanout=8)

    MacroCell: Name=\UART:BUART:tx_state_2\, Mode=(T-Register)
        Total # of inputs        : 6
        Total # of product terms : 4
        List of special equations: 
            Clock  = (\UART:Net_9_digital\) => Global
            Clock Enable: True
        Main Equation            : 4 pterms
        (
              !\UART:BUART:tx_state_1\ * !\UART:BUART:tx_state_0\ * 
              \UART:BUART:tx_bitclk_enable_pre\ * \UART:BUART:tx_state_2\
            + \UART:BUART:tx_state_1\ * \UART:BUART:tx_state_0\ * 
              \UART:BUART:tx_bitclk_enable_pre\ * \UART:BUART:tx_state_2\
            + \UART:BUART:tx_state_1\ * \UART:BUART:tx_state_0\ * 
              !\UART:BUART:tx_state_2\ * \UART:BUART:tx_bitclk\
            + \UART:BUART:tx_state_1\ * !\UART:BUART:tx_state_2\ * 
              \UART:BUART:tx_counter_dp\ * \UART:BUART:tx_bitclk\
        );
        Output = \UART:BUART:tx_state_2\ (fanout=7)

    MacroCell: Name=\UART:BUART:tx_status_0\, Mode=(Combinatorial)
        Total # of inputs        : 5
        Total # of product terms : 1
            Clock Enable: True
        Main Equation            : 1 pterm
        (
              !\UART:BUART:tx_state_1\ * !\UART:BUART:tx_state_0\ * 
              \UART:BUART:tx_bitclk_enable_pre\ * \UART:BUART:tx_fifo_empty\ * 
              \UART:BUART:tx_state_2\
        );
        Output = \UART:BUART:tx_status_0\ (fanout=1)

    MacroCell: Name=\UART:BUART:tx_status_2\, Mode=(Combinatorial)
        Total # of inputs        : 1
        Total # of product terms : 1
            Clock Enable: True
        Main Equation            : 1 pterm
        (
              !\UART:BUART:tx_fifo_notfull\
        );
        Output = \UART:BUART:tx_status_2\ (fanout=1)

    MacroCell: Name=\UART:BUART:txn\, Mode=(D-Register)
        Total # of inputs        : 7
        Total # of product terms : 5
        List of special equations: 
            Clock  = (\UART:Net_9_digital\) => Global
            Clock Enable: True
        Main Equation            : 5 pterms
        (
              \UART:BUART:txn\ * \UART:BUART:tx_state_1\ * 
              !\UART:BUART:tx_bitclk\
            + \UART:BUART:txn\ * \UART:BUART:tx_state_2\
            + !\UART:BUART:tx_state_1\ * \UART:BUART:tx_state_0\ * 
              !\UART:BUART:tx_shift_out\ * !\UART:BUART:tx_state_2\
            + !\UART:BUART:tx_state_1\ * \UART:BUART:tx_state_0\ * 
              !\UART:BUART:tx_state_2\ * !\UART:BUART:tx_bitclk\
            + \UART:BUART:tx_state_1\ * !\UART:BUART:tx_state_0\ * 
              !\UART:BUART:tx_shift_out\ * !\UART:BUART:tx_state_2\ * 
              !\UART:BUART:tx_counter_dp\ * \UART:BUART:tx_bitclk\
        );
        Output = \UART:BUART:txn\ (fanout=2)
    </CYPRESSTAG>
    <CYPRESSTAG name="Datapath listing">

    ------------------------------------------------------------
    Datapath listing
    ------------------------------------------------------------

    datapathcell: Name =\UART:BUART:sTX:TxShifter:u0\
        PORT MAP (
            clock => \UART:Net_9_digital\ ,
            cs_addr_2 => \UART:BUART:tx_state_1\ ,
            cs_addr_1 => \UART:BUART:tx_state_0\ ,
            cs_addr_0 => \UART:BUART:tx_bitclk_enable_pre\ ,
            so_comb => \UART:BUART:tx_shift_out\ ,
            f0_bus_stat_comb => \UART:BUART:tx_fifo_notfull\ ,
            f0_blk_stat_comb => \UART:BUART:tx_fifo_empty\ );
        Properties:
        {
            a0_init = "00000000"
            a1_init = "00000000"
            ce0_sync = 1
            ce1_sync = 1
            cl0_sync = 1
            cl1_sync = 1
            cmsb_sync = 1
            co_msb_sync = 1
            cy_dpconfig = "0000000000000000000000000000000000000000000000000000000011000000000000000000000000000010010000000000000000000000000000000000000011111111000000001111111111111111000000000000000001000100111100000000000000001100"
            d0_init = "00000000"
            d1_init = "00000000"
            f0_blk_sync = 1
            f0_bus_sync = 1
            f1_blk_sync = 1
            f1_bus_sync = 1
            ff0_sync = 1
            ff1_sync = 1
            ov_msb_sync = 1
            so_sync = 1
            z0_sync = 1
            z1_sync = 1
        }
        Clock Polarity: Active High
        Clock Enable: True

    datapathcell: Name =\UART:BUART:sTX:sCLOCK:TxBitClkGen\
        PORT MAP (
            clock => \UART:Net_9_digital\ ,
            cs_addr_0 => \UART:BUART:counter_load_not\ ,
            ce0_reg => \UART:BUART:tx_bitclk_enable_pre\ ,
            ce1_reg => \UART:BUART:tx_counter_dp\ );
        Properties:
        {
            a0_init = "00000000"
            a1_init = "00000000"
            ce0_sync = 1
            ce1_sync = 1
            cl0_sync = 1
            cl1_sync = 1
            cmsb_sync = 1
            co_msb_sync = 1
            cy_dpconfig = "1010100001000000001000000100000000000000000000000000000000000000000000000000000000000000000000000000000000000000000000000000000011111111000000001111111100000111001000000100000000000101111100000000000000001000"
            d0_init = "00000000"
            d1_init = "00000000"
            f0_blk_sync = 1
            f0_bus_sync = 1
            f1_blk_sync = 1
            f1_bus_sync = 1
            ff0_sync = 1
            ff1_sync = 1
            ov_msb_sync = 1
            so_sync = 1
            z0_sync = 1
            z1_sync = 1
        }
        Clock Polarity: Active High
        Clock Enable: True
    </CYPRESSTAG>
    <CYPRESSTAG name="Status register listing">
    </CYPRESSTAG>
    <CYPRESSTAG name="StatusI register listing">

    ------------------------------------------------------------
    StatusI register listing
    ------------------------------------------------------------

    statusicell: Name =\UART:BUART:sTX:TxSts\
        PORT MAP (
            clock => \UART:Net_9_digital\ ,
            status_3 => \UART:BUART:tx_fifo_notfull\ ,
            status_2 => \UART:BUART:tx_status_2\ ,
            status_1 => \UART:BUART:tx_fifo_empty\ ,
            status_0 => \UART:BUART:tx_status_0\ );
        Properties:
        {
            cy_force_order = 1
            cy_int_mask = "1111111"
            cy_md_select = "0000001"
        }
        Clock Polarity: Active High
        Clock Enable: True
    </CYPRESSTAG>
    <CYPRESSTAG name="Sync listing">
    </CYPRESSTAG>
    <CYPRESSTAG name="Control register listing">
    </CYPRESSTAG>
    <CYPRESSTAG name="Count7 listing">
    </CYPRESSTAG>
    <CYPRESSTAG name="DRQ listing">
    </CYPRESSTAG>
    <CYPRESSTAG name="Interrupt listing">
    </CYPRESSTAG>
</CYPRESSTAG>
<CYPRESSTAG name="Technology mapping summary" expanded>

------------------------------------------------------------
Technology mapping summary
------------------------------------------------------------

Resource Type                 : Used : Free :  Max :  % Used
============================================================
Digital clock dividers        :    1 :    3 :    4 :  25.00%
Pins                          :    1 :   35 :   36 :   2.78%
UDB Macrocells                :    9 :   23 :   32 :  28.13%
UDB Unique Pterms             :   20 :   44 :   64 :  31.25%
UDB Total Pterms              :   23 :      :      : 
UDB Datapath Cells            :    2 :    2 :    4 :  50.00%
UDB Status Cells              :    1 :    3 :    4 :  25.00%
            StatusI Registers :    1 
UDB Control Cells             :    0 :    4 :    4 :   0.00%
Interrupts                    :    0 :   32 :   32 :   0.00%
Comparator/Opamp Fixed Blocks :    0 :    2 :    2 :   0.00%
SAR Fixed Blocks              :    0 :    1 :    1 :   0.00%
CSD Fixed Blocks              :    0 :    1 :    1 :   0.00%
CapSense Blocks               :    0 :    1 :    1 :   0.00%
8-bit CapSense IDACs          :    0 :    1 :    1 :   0.00%
7-bit CapSense IDACs          :    0 :    1 :    1 :   0.00%
Temperature Sensors           :    0 :    1 :    1 :   0.00%
Low Power Comparators         :    0 :    2 :    2 :   0.00%
TCPWM Blocks                  :    0 :    4 :    4 :   0.00%
Serial Communication Blocks   :    0 :    2 :    2 :   0.00%
Segment LCD Blocks            :    0 :    1 :    1 :   0.00%
</CYPRESSTAG>
Technology Mapping: Elapsed time ==> 0s.468ms
Tech mapping phase: Elapsed time ==> 0s.513ms
</CYPRESSTAG>
<CYPRESSTAG name="Analog Placement">
<CYPRESSTAG name="Analog Placement">
Elapsed time ==> 0.0110911s
</CYPRESSTAG>
Analog Placement phase: Elapsed time ==> 0s.051ms
</CYPRESSTAG>
<CYPRESSTAG name="Analog Routing">
<CYPRESSTAG name="Analog Routing">
Route success=True, Iterations=1 Elapsed=0.0017225 secs
</CYPRESSTAG>
Analog Routing phase: Elapsed time ==> 0s.003ms
</CYPRESSTAG>
<CYPRESSTAG name="Analog Code Generation">
============ Analog Final Answer Routes ============
Dump of CyAnalogRoutingResultsDB
Map of net to items {
}
Map of item to net {
}
Mux Info {
}
Analog Code Generation phase: Elapsed time ==> 0s.110ms
</CYPRESSTAG>
<CYPRESSTAG name="Digital Placement">
<CYPRESSTAG name="Detailed placement messages">
I2076: Total run-time: 0.4 sec.

</CYPRESSTAG>
<CYPRESSTAG name="PLD Packing">
<CYPRESSTAG name="PLD Packing Summary" expanded>

------------------------------------------------------------
PLD Packing Summary
------------------------------------------------------------
            Resource Type : Used : Free :  Max :  % Used
    ====================================================
                     PLDs :    4 :    4 :    8 :  50.00%

<CYPRESSTAG name="PLD Statistics">

        PLD Resource Type :     Average/LAB
    =======================================
                   Inputs :            6.75
                   Pterms :            5.75
               Macrocells :            2.25
</CYPRESSTAG>
<CYPRESSTAG name="Packed PLD Contents">
Packed PLD Contents not displayed at this verbose level.</CYPRESSTAG>
</CYPRESSTAG>
PLD Packing: Elapsed time ==> 0s.001ms
</CYPRESSTAG>
<CYPRESSTAG name="Partitioning">
<CYPRESSTAG name="Initial Partitioning Summary">
Initial Partitioning Summary not displayed at this verbose level.</CYPRESSTAG>
<CYPRESSTAG name="Final Partitioning Summary">
Final Partitioning Summary not displayed at this verbose level.</CYPRESSTAG>
Partitioning: Elapsed time ==> 0s.014ms
</CYPRESSTAG>
<CYPRESSTAG name="Simulated Annealing">
Annealing: Elapsed time ==> 0s.002ms
<CYPRESSTAG name="Simulated Annealing Results">
The seed used for moves was 114161200.
Inital cost was 28, final cost is 28 (0.00% improvement).</CYPRESSTAG>
</CYPRESSTAG>
<CYPRESSTAG name="Final Placement Summary">

------------------------------------------------------------
Final Placement Summary
------------------------------------------------------------

       Resource Type :      Count : Avg Inputs : Avg Outputs
    ========================================================
                 UDB :          2 :       8.00 :       4.50
<CYPRESSTAG name="Final Placement Details">
<CYPRESSTAG name="Component Details">

------------------------------------------------------------
Component Placement Details
------------------------------------------------------------
UDB [UDB=(0,0)] contents:
LAB@[UDB=(0,0)][LB=0] #macrocells=4, #inputs=8, #pterms=8
{
    [McSlotId=0]:     MacroCell: Name=\UART:BUART:tx_state_2\, Mode=(T-Register) @ [UDB=(0,0)][LB=0][MC=0]
        Total # of inputs        : 6
        Total # of product terms : 4
        List of special equations: 
            Clock  = (\UART:Net_9_digital\) => Global
            Clock Enable: True
        Main Equation            : 4 pterms
        (
              !\UART:BUART:tx_state_1\ * !\UART:BUART:tx_state_0\ * 
              \UART:BUART:tx_bitclk_enable_pre\ * \UART:BUART:tx_state_2\
            + \UART:BUART:tx_state_1\ * \UART:BUART:tx_state_0\ * 
              \UART:BUART:tx_bitclk_enable_pre\ * \UART:BUART:tx_state_2\
            + \UART:BUART:tx_state_1\ * \UART:BUART:tx_state_0\ * 
              !\UART:BUART:tx_state_2\ * \UART:BUART:tx_bitclk\
            + \UART:BUART:tx_state_1\ * !\UART:BUART:tx_state_2\ * 
              \UART:BUART:tx_counter_dp\ * \UART:BUART:tx_bitclk\
        );
        Output = \UART:BUART:tx_state_2\ (fanout=7)
        Properties               : 
        {
        }

    [McSlotId=1]:     MacroCell: Name=\UART:BUART:tx_status_2\, Mode=(Combinatorial) @ [UDB=(0,0)][LB=0][MC=1]
        Total # of inputs        : 1
        Total # of product terms : 1
            Clock Enable: True
        Main Equation            : 1 pterm
        (
              !\UART:BUART:tx_fifo_notfull\
        );
        Output = \UART:BUART:tx_status_2\ (fanout=1)
        Properties               : 
        {
        }

    [McSlotId=2]:     MacroCell: Name=Net_1120, Mode=(Combinatorial) @ [UDB=(0,0)][LB=0][MC=2]
        Total # of inputs        : 1
        Total # of product terms : 1
            Clock Enable: True
        Main Equation            : 1 pterm
        (
              !\UART:BUART:txn\
        );
        Output = Net_1120 (fanout=1)
        Properties               : 
        {
        }

    [McSlotId=3]:     MacroCell: Name=\UART:BUART:tx_bitclk\, Mode=(D-Register) @ [UDB=(0,0)][LB=0][MC=3]
        Total # of inputs        : 4
        Total # of product terms : 2
        List of special equations: 
            Clock  = (\UART:Net_9_digital\) => Global
            Clock Enable: True
        Main Equation            : 2 pterms
        !(
              !\UART:BUART:tx_state_1\ * !\UART:BUART:tx_state_0\ * 
              \UART:BUART:tx_state_2\
            + !\UART:BUART:tx_bitclk_enable_pre\
        );
        Output = \UART:BUART:tx_bitclk\ (fanout=4)
        Properties               : 
        {
        }
}

LAB@[UDB=(0,0)][LB=1] #macrocells=1, #inputs=7, #pterms=5
{
    [McSlotId=0]:     MacroCell: Name=\UART:BUART:txn\, Mode=(D-Register) @ [UDB=(0,0)][LB=1][MC=0]
        Total # of inputs        : 7
        Total # of product terms : 5
        List of special equations: 
            Clock  = (\UART:Net_9_digital\) => Global
            Clock Enable: True
        Main Equation            : 5 pterms
        (
              \UART:BUART:txn\ * \UART:BUART:tx_state_1\ * 
              !\UART:BUART:tx_bitclk\
            + \UART:BUART:txn\ * \UART:BUART:tx_state_2\
            + !\UART:BUART:tx_state_1\ * \UART:BUART:tx_state_0\ * 
              !\UART:BUART:tx_shift_out\ * !\UART:BUART:tx_state_2\
            + !\UART:BUART:tx_state_1\ * \UART:BUART:tx_state_0\ * 
              !\UART:BUART:tx_state_2\ * !\UART:BUART:tx_bitclk\
            + \UART:BUART:tx_state_1\ * !\UART:BUART:tx_state_0\ * 
              !\UART:BUART:tx_shift_out\ * !\UART:BUART:tx_state_2\ * 
              !\UART:BUART:tx_counter_dp\ * \UART:BUART:tx_bitclk\
        );
        Output = \UART:BUART:txn\ (fanout=2)
        Properties               : 
        {
        }

    [McSlotId=1]: (empty)
    [McSlotId=2]: (empty)
    [McSlotId=3]: (empty)
}

datapathcell: Name =\UART:BUART:sTX:TxShifter:u0\
    PORT MAP (
        clock => \UART:Net_9_digital\ ,
        cs_addr_2 => \UART:BUART:tx_state_1\ ,
        cs_addr_1 => \UART:BUART:tx_state_0\ ,
        cs_addr_0 => \UART:BUART:tx_bitclk_enable_pre\ ,
        so_comb => \UART:BUART:tx_shift_out\ ,
        f0_bus_stat_comb => \UART:BUART:tx_fifo_notfull\ ,
        f0_blk_stat_comb => \UART:BUART:tx_fifo_empty\ );
    Properties:
    {
        a0_init = "00000000"
        a1_init = "00000000"
        ce0_sync = 1
        ce1_sync = 1
        cl0_sync = 1
        cl1_sync = 1
        cmsb_sync = 1
        co_msb_sync = 1
        cy_dpconfig = "0000000000000000000000000000000000000000000000000000000011000000000000000000000000000010010000000000000000000000000000000000000011111111000000001111111111111111000000000000000001000100111100000000000000001100"
        d0_init = "00000000"
        d1_init = "00000000"
        f0_blk_sync = 1
        f0_bus_sync = 1
        f1_blk_sync = 1
        f1_bus_sync = 1
        ff0_sync = 1
        ff1_sync = 1
        ov_msb_sync = 1
        so_sync = 1
        z0_sync = 1
        z1_sync = 1
    }
    Clock Polarity: Active High
    Clock Enable: True

statusicell: Name =\UART:BUART:sTX:TxSts\
    PORT MAP (
        clock => \UART:Net_9_digital\ ,
        status_3 => \UART:BUART:tx_fifo_notfull\ ,
        status_2 => \UART:BUART:tx_status_2\ ,
        status_1 => \UART:BUART:tx_fifo_empty\ ,
        status_0 => \UART:BUART:tx_status_0\ );
    Properties:
    {
        cy_force_order = 1
        cy_int_mask = "1111111"
        cy_md_select = "0000001"
    }
    Clock Polarity: Active High
    Clock Enable: True

UDB [UDB=(0,1)] is empty.
UDB [UDB=(1,0)] contents:
LAB@[UDB=(1,0)][LB=0] #macrocells=1, #inputs=6, #pterms=3
{
    [McSlotId=0]: (empty)
    [McSlotId=1]:     MacroCell: Name=\UART:BUART:tx_state_1\, Mode=(T-Register) @ [UDB=(1,0)][LB=0][MC=1]
        Total # of inputs        : 6
        Total # of product terms : 3
        List of special equations: 
            Clock  = (\UART:Net_9_digital\) => Global
            Clock Enable: True
        Main Equation            : 3 pterms
        (
              \UART:BUART:tx_state_1\ * \UART:BUART:tx_state_0\ * 
              \UART:BUART:tx_bitclk_enable_pre\ * \UART:BUART:tx_state_2\
            + \UART:BUART:tx_state_1\ * !\UART:BUART:tx_state_2\ * 
              \UART:BUART:tx_counter_dp\ * \UART:BUART:tx_bitclk\
            + \UART:BUART:tx_state_0\ * !\UART:BUART:tx_state_2\ * 
              \UART:BUART:tx_bitclk\
        );
        Output = \UART:BUART:tx_state_1\ (fanout=8)
        Properties               : 
        {
        }

    [McSlotId=2]: (empty)
    [McSlotId=3]: (empty)
}

LAB@[UDB=(1,0)][LB=1] #macrocells=3, #inputs=6, #pterms=7
{
    [McSlotId=0]:     MacroCell: Name=\UART:BUART:tx_state_0\, Mode=(T-Register) @ [UDB=(1,0)][LB=1][MC=0]
        Total # of inputs        : 6
        Total # of product terms : 4
        List of special equations: 
            Clock  = (\UART:Net_9_digital\) => Global
            Clock Enable: True
        Main Equation            : 4 pterms
        (
              !\UART:BUART:tx_state_1\ * !\UART:BUART:tx_state_0\ * 
              \UART:BUART:tx_bitclk_enable_pre\ * !\UART:BUART:tx_fifo_empty\
            + !\UART:BUART:tx_state_1\ * !\UART:BUART:tx_state_0\ * 
              !\UART:BUART:tx_fifo_empty\ * !\UART:BUART:tx_state_2\
            + \UART:BUART:tx_state_1\ * \UART:BUART:tx_state_0\ * 
              \UART:BUART:tx_bitclk_enable_pre\ * \UART:BUART:tx_fifo_empty\ * 
              \UART:BUART:tx_state_2\
            + \UART:BUART:tx_state_0\ * !\UART:BUART:tx_state_2\ * 
              \UART:BUART:tx_bitclk\
        );
        Output = \UART:BUART:tx_state_0\ (fanout=8)
        Properties               : 
        {
        }

    [McSlotId=1]:     MacroCell: Name=\UART:BUART:counter_load_not\, Mode=(Combinatorial) @ [UDB=(1,0)][LB=1][MC=1]
        Total # of inputs        : 4
        Total # of product terms : 2
            Clock Enable: True
        Main Equation            : 2 pterms
        !(
              !\UART:BUART:tx_state_1\ * !\UART:BUART:tx_state_0\ * 
              \UART:BUART:tx_bitclk_enable_pre\
            + !\UART:BUART:tx_state_1\ * !\UART:BUART:tx_state_0\ * 
              !\UART:BUART:tx_state_2\
        );
        Output = \UART:BUART:counter_load_not\ (fanout=1)
        Properties               : 
        {
        }

    [McSlotId=2]:     MacroCell: Name=\UART:BUART:tx_status_0\, Mode=(Combinatorial) @ [UDB=(1,0)][LB=1][MC=2]
        Total # of inputs        : 5
        Total # of product terms : 1
            Clock Enable: True
        Main Equation            : 1 pterm
        (
              !\UART:BUART:tx_state_1\ * !\UART:BUART:tx_state_0\ * 
              \UART:BUART:tx_bitclk_enable_pre\ * \UART:BUART:tx_fifo_empty\ * 
              \UART:BUART:tx_state_2\
        );
        Output = \UART:BUART:tx_status_0\ (fanout=1)
        Properties               : 
        {
        }

    [McSlotId=3]: (empty)
}

datapathcell: Name =\UART:BUART:sTX:sCLOCK:TxBitClkGen\
    PORT MAP (
        clock => \UART:Net_9_digital\ ,
        cs_addr_0 => \UART:BUART:counter_load_not\ ,
        ce0_reg => \UART:BUART:tx_bitclk_enable_pre\ ,
        ce1_reg => \UART:BUART:tx_counter_dp\ );
    Properties:
    {
        a0_init = "00000000"
        a1_init = "00000000"
        ce0_sync = 1
        ce1_sync = 1
        cl0_sync = 1
        cl1_sync = 1
        cmsb_sync = 1
        co_msb_sync = 1
        cy_dpconfig = "1010100001000000001000000100000000000000000000000000000000000000000000000000000000000000000000000000000000000000000000000000000011111111000000001111111100000111001000000100000000000101111100000000000000001000"
        d0_init = "00000000"
        d1_init = "00000000"
        f0_blk_sync = 1
        f0_bus_sync = 1
        f1_blk_sync = 1
        f1_bus_sync = 1
        ff0_sync = 1
        ff1_sync = 1
        ov_msb_sync = 1
        so_sync = 1
        z0_sync = 1
        z1_sync = 1
    }
    Clock Polarity: Active High
    Clock Enable: True

UDB [UDB=(1,1)] is empty.
Intr hod @ [IntrHod=(0)]: empty
Port 0 is empty
Port 1 contains the following IO cells:
[IoId=7]: 
Pin : Name = Tx_1(0)
    Attributes:
        In Group/Port: True
        In Sync Option: AUTO
        Out Sync Option: NOSYNC
        Interrupt generated: False
        Interrupt mode: NONE
        Drive mode: CMOS_OUT
        VTrip: EITHER
        Slew: FAST
        Input Sync needed: False
        Output Sync needed: False
        SC shield enabled: False
        POR State: ANY
        LCD Mode: COMMON
        Register Mode: RegComb
        CaSense Mode: NEITHER
        Treat as pin: True
        Is OE Registered: False
        Uses Analog: False
        Can contain Digital: True
        Is SIO: False
        SIO Output Buf: NONREGULATED
        SIO Input Buf: SINGLE_ENDED
        SIO HiFreq: LOW
        SIO Hyst: DISABLED
        SIO Vtrip: MULTIPLIER_0_5
        SIO RefSel: VCC_IO
        Required Capabilitites: DIGITAL, ROUTABLE
        Initial Value: 1
        IO Voltage: 0
    PORT MAP (
        pa_out => Tx_1(0)__PA ,
        input => Net_1120 ,
        pad => Tx_1(0)_PAD );
    Properties:
    {
    }

Port 2 is empty
Port 3 is empty
Port 4 is empty
Clock group 0: 
    M0S8 Clock Block @ [FFB(Clock,0)]: 
    m0s8clockblockcell: Name =ClockBlock
        PORT MAP (
            hfclk => ClockBlock_HFCLK ,
            imo => ClockBlock_IMO ,
            ext => ClockBlock_EXTCLK ,
            sysclk => ClockBlock_SYSCLK ,
            ilo => ClockBlock_ILO ,
            lfclk => ClockBlock_LFCLK ,
            dsi_in_0 => ClockBlock_Routed1 ,
            udb_div_0 => dclk_to_genclk );
        Properties:
        {
        }
PM group 0: empty
SPC group 0: empty
WDT group 0: empty
FSS group 0: empty
Low Power Comparator group 0: empty
Serial Communication Block group 0: empty
CSD Fixed Block group 0: empty
8-bit CapSense IDAC group 0: empty
7-bit CapSense IDAC group 0: empty
TCPWM Block group 0: empty
Comparator/Opamp Fixed Block group 0: empty
Temperature Sensor group 0: empty
SAR Fixed Block group 0: empty
Segment LCD Block group 0: empty
CLK_GEN group 0: 
    M0S8 Clock Gen Block @ [FFB(CLK_GEN,0)]: 
    m0s8clockgenblockcell: Name =ClockGenBlock
        PORT MAP (
            gen_clk_out_0 => \UART:Net_9_digital\ ,
            gen_clk_in_0 => dclk_to_genclk );
        Properties:
        {
        }
LPCOMPBLOCK group 0: empty
CTBMBLOCK group 0: empty
ANAPUMP group 0: empty
</CYPRESSTAG>
<CYPRESSTAG name="Port Configuration Details">

------------------------------------------------------------
Port Configuration report
------------------------------------------------------------
     |     |       | Interrupt |                  |         | 
Port | Pin | Fixed |      Type |       Drive Mode |    Name | Connections
-----+-----+-------+-----------+------------------+---------+-------------
   1 |   7 |     * |      NONE |         CMOS_OUT | Tx_1(0) | In(Net_1120)
--------------------------------------------------------------------------
</CYPRESSTAG>
</CYPRESSTAG>
</CYPRESSTAG>
Digital component placer commit/Report: Elapsed time ==> 0s.001ms
Digital Placement phase: Elapsed time ==> 0s.607ms
</CYPRESSTAG>
<CYPRESSTAG name="Digital Routing">
Routing successful.
Digital Routing phase: Elapsed time ==> 0s.571ms
</CYPRESSTAG>
<CYPRESSTAG name="Bitstream and API generation">
Bitstream and API generation phase: Elapsed time ==> 0s.273ms
</CYPRESSTAG>
<CYPRESSTAG name="Bitstream verification">
Bitstream verification phase: Elapsed time ==> 0s.041ms
</CYPRESSTAG>
<CYPRESSTAG name="Static timing analysis">
Timing report is in Bootloadable Blinking LED_timing.html.
Static timing analysis phase: Elapsed time ==> 0s.179ms
</CYPRESSTAG>
<CYPRESSTAG name="Data reporting">
Data reporting phase: Elapsed time ==> 0s.000ms
</CYPRESSTAG>
<CYPRESSTAG name="Database update...">
Design database save phase: Elapsed time ==> 0s.155ms
</CYPRESSTAG>
cydsfit: Elapsed time ==> 2s.538ms
</CYPRESSTAG>
Fitter phase: Elapsed time ==> 2s.590ms
API generation phase: Elapsed time ==> 0s.651ms
Dependency generation phase: Elapsed time ==> 0s.003ms
Cleanup phase: Elapsed time ==> 0s.001ms
